"../../../Engine/Content/Functions/Engine_MaterialFunctions01/Opacity/CameraDepthFade.uasset" 0
"../../../Engine/Content/EngineMaterials/T_Default_Material_Grid_M.uasset" 1
"../../../Engine/Content/EngineMaterials/T_Default_Material_Grid_N.uasset" 2
"../../../Engine/Content/EngineMaterials/DefaultMaterial.uasset" 3
"../../../Engine/Content/BasicShapes/Cone.uasset" 4
"../../../Engine/Content/BasicShapes/Cylinder.uasset" 5
"../../../Engine/Content/BasicShapes/Sphere.uasset" 6
"../../../Engine/Content/EditorLandscapeResources/DataLayer.uasset" 7
"../../../Engine/Content/EditorMaterials/GizmoMaterial.uasset" 8
"../../../Engine/Content/EditorMaterials/MAT_Groups_Toggle.uasset" 9
"../../../Engine/Content/EditorMaterials/MAT_Groups_Visibility.uasset" 10
"../../../Engine/Content/EditorMaterials/PreviewShadowIndicator.uasset" 11
"../../../Engine/Content/EditorMaterials/PreviewShadowIndicatorMaterial.uasset" 12
"../../../Engine/Content/EditorMaterials/AssetViewer/EpicQuadPanorama_CC+EV1.uasset" 13
"../../../Engine/Content/EditorMaterials/MatineeGroups/MAT_ColorTrack.uasset" 14
"../../../Engine/Content/EditorMaterials/MatineeGroups/MAT_Groups_Anim.uasset" 15
"../../../Engine/Content/EditorMaterials/MatineeGroups/MAT_Groups_AudioMaster.uasset" 16
"../../../Engine/Content/EditorMaterials/MatineeGroups/MAT_Groups_Director.uasset" 17
"../../../Engine/Content/EditorMaterials/MatineeGroups/MAT_Groups_Event.uasset" 18
"../../../Engine/Content/EditorMaterials/MatineeGroups/MAT_Groups_Fade.uasset" 19
"../../../Engine/Content/EditorMaterials/MatineeGroups/MAT_Groups_Float.uasset" 20
"../../../Engine/Content/EditorMaterials/MatineeGroups/MAT_Groups_Move.uasset" 21
"../../../Engine/Content/EditorMaterials/MatineeGroups/MAT_Groups_Slomo.uasset" 22
"../../../Engine/Content/EditorMaterials/MatineeGroups/MAT_Groups_Sound.uasset" 23
"../../../Engine/Content/EditorMaterials/MatineeGroups/MAT_Groups_Vector.uasset" 24
"../../../Engine/Content/EditorMaterials/ParticleSystems/PSysThumbnail_NoImage.uasset" 25
"../../../Engine/Content/EditorMaterials/ParticleSystems/PSysThumbnail_OOD.uasset" 26
"../../../Engine/Content/EditorMaterials/Camera/CineMat.uasset" 27
"../../../Engine/Content/EditorMaterials/Camera/MI_CineMat_Rig.uasset" 28
"../../../Engine/Content/EditorMeshes/Camera/SM_CraneRig_Arm.uasset" 29
"../../../Engine/Content/EditorMeshes/Camera/SM_CraneRig_Base.uasset" 30
"../../../Engine/Content/EditorMeshes/Camera/SM_CraneRig_Body.uasset" 31
"../../../Engine/Content/EditorMeshes/Camera/SM_CraneRig_Mount.uasset" 32
"../../../Engine/Content/EditorMeshes/Camera/SM_RailRig_Mount.uasset" 33
"../../../Engine/Content/EditorMeshes/Camera/SM_RailRig_Track.uasset" 34
"../../../Engine/Content/EditorMeshes/ColorCalibrator/M_ChromeBall.uasset" 35
"../../../Engine/Content/EditorMeshes/ColorCalibrator/M_ClearCoat.uasset" 36
"../../../Engine/Content/EditorMeshes/ColorCalibrator/M_ClearCoatBlack.uasset" 37
"../../../Engine/Content/EditorMeshes/ColorCalibrator/T_ColorGrid.uasset" 38
"../../../Engine/Content/EditorMeshes/ColorCalibrator/M_ColorGrid.uasset" 39
"../../../Engine/Content/EditorMeshes/ColorCalibrator/M_GreyBall.uasset" 40
"../../../Engine/Content/EditorMeshes/ColorCalibrator/SM_ColorCalibrator.uasset" 41
"../../../Engine/Content/EditorResources/BSPVertex.uasset" 42
"../../../Engine/Content/EditorResources/EmptyActor.uasset" 43
"../../../Engine/Content/EditorResources/RGBTable16x1_AssetViewer.uasset" 44
"../../../Engine/Content/EditorResources/S_Actor.uasset" 45
"../../../Engine/Content/EditorResources/S_Trigger.uasset" 46
"../../../Engine/Content/EditorResources/AudioIcons/S_AudioComponent_AutoActivate.uasset" 47
"../../../Engine/Content/EditorResources/LightIcons/S_LightError.uasset" 48
"../../../Engine/Content/EditorResources/SequenceRecorder/Countdown.uasset" 49
"../../../Engine/Content/EditorResources/SequenceRecorder/RecordingIndicator.uasset" 50
"../../../Engine/Content/EditorSounds/Notifications/CompileFailed.uasset" 51
"../../../Engine/Content/EditorSounds/Notifications/CompileFailed_Cue.uasset" 52
"../../../Engine/Content/EditorSounds/Notifications/CompileSuccess.uasset" 53
"../../../Engine/Content/EditorSounds/Notifications/CompileStart_Cue.uasset" 54
"../../../Engine/Content/EditorSounds/Notifications/CompileSuccess_Cue.uasset" 55
"../../../Engine/Content/EngineDamageTypes/DmgTypeBP_Environmental.uasset" 56
"../../../Engine/Content/EngineDebugMaterials/HeatmapGradient.uasset" 57
"../../../Engine/Content/EngineDebugMaterials/BoneWeightMaterial.uasset" 58
"../../../Engine/Content/EngineDebugMaterials/DebugMeshMaterial.uasset" 59
"../../../Engine/Content/EngineDebugMaterials/GeomMaterial.uasset" 60
"../../../Engine/Content/EngineFonts/Faces/RobotoBold.uasset" 61
"../../../Engine/Content/EngineFonts/Faces/RobotoBoldItalic.uasset" 62
"../../../Engine/Content/EngineFonts/Faces/RobotoItalic.uasset" 63
"../../../Engine/Content/EngineFonts/Faces/RobotoLight.uasset" 64
"../../../Engine/Content/EngineFonts/Faces/RobotoRegular.uasset" 65
"../../../Engine/Content/EngineFonts/Roboto.uasset" 66
"../../../Engine/Content/EngineFonts/Faces/RobotoTiny.uasset" 67
"../../../Engine/Content/EngineFonts/RobotoTiny.uasset" 68
"../../../Engine/Content/EngineMaterials/DefaultBokeh.uasset" 69
"../../../Engine/Content/EngineMaterials/DefaultDiffuse.uasset" 70
"../../../Engine/Content/EngineMaterials/DefaultDeferredDecalMaterial.uasset" 71
"../../../Engine/Content/EngineMaterials/DefaultLightFunctionMaterial.uasset" 72
"../../../Engine/Content/EngineMaterials/DefaultPhysicalMaterial.uasset" 73
"../../../Engine/Content/Functions/Engine_MaterialFunctions02/Utility/BreakOutFloat2Components.uasset" 74
"../../../Engine/Content/EngineMaterials/DefaultPostProcessMaterial.uasset" 75
"../../../Engine/Content/EngineFonts/RobotoDistanceField.uasset" 76
"../../../Engine/Content/EngineMaterials/DefaultTextMaterialOpaque.uasset" 77
"../../../Engine/Content/EngineMaterials/DefaultWhiteGrid.uasset" 78
"../../../Engine/Content/EngineMaterials/EditorBrushMaterial.uasset" 79
"../../../Engine/Content/EngineMaterials/Good64x64TilingNoiseHighFreq.uasset" 80
"../../../Engine/Content/EngineMaterials/MiniFont.uasset" 81
"../../../Engine/Content/EngineMaterials/InvalidLightmapSettings.uasset" 82
"../../../Engine/Content/EngineMaterials/M_InvalidLightmapSettings.uasset" 83
"../../../Engine/Content/EngineMaterials/PhAT_JointLimitMaterial.uasset" 84
"../../../Engine/Content/EngineMaterials/PreintegratedSkinBRDF.uasset" 85
"../../../Engine/Content/EngineMaterials/RemoveSurfaceMaterial.uasset" 86
"../../../Engine/Content/EngineMaterials/WeightMapPlaceholderTexture.uasset" 87
"../../../Engine/Content/EngineResources/WhiteSquareTexture.uasset" 88
"../../../Engine/Content/EngineMaterials/Widget3DPassThrough.uasset" 89
"../../../Engine/Content/EngineMaterials/Widget3DPassThrough_Masked.uasset" 90
"../../../Engine/Content/EngineMaterials/Widget3DPassThrough_Opaque.uasset" 91
"../../../Engine/Content/EngineMaterials/Widget3DPassThrough_Masked_OneSided.uasset" 92
"../../../Engine/Content/EngineMaterials/Widget3DPassThrough_Opaque_OneSided.uasset" 93
"../../../Engine/Content/EngineMaterials/Widget3DPassThrough_Translucent.uasset" 94
"../../../Engine/Content/EngineMaterials/Widget3DPassThrough_Translucent_OneSided.uasset" 95
"../../../Engine/Content/EngineMeshes/Cube.uasset" 96
"../../../Engine/Content/EngineMeshes/Cylinder.uasset" 97
"../../../Engine/Content/EngineMeshes/Sphere.uasset" 98
"../../../Engine/Content/EngineResources/Black.uasset" 99
"../../../Engine/Content/EngineResources/DefaultTexture.uasset" 100
"../../../Engine/Content/EngineResources/DefaultTextureCube.uasset" 101
"../../../Engine/Content/EngineResources/GradientTexture0.uasset" 102
"../../../Engine/Content/EngineSounds/Master.uasset" 103
"../../../Engine/Content/Functions/Engine_MaterialFunctions01/Shading/ConvertFromDiffSpec.uasset" 104
"../../../Engine/Content/Functions/Engine_MaterialFunctions01/Shading/PowerToRoughness.uasset" 105
"../../../Engine/Content/Maps/Templates/Thumbnails/Default.uasset" 106
"../../../Engine/Content/Maps/Templates/Thumbnails/VR-Basic.uasset" 107
"../../../Engine/Content/MobileResources/T_MobileControls_texture.uasset" 108
"../../../Engine/Content/MobileResources/T_MobileMenu2.uasset" 109
"../../../Engine/Content/MobileResources/HUD/AnalogHat.uasset" 110
"../../../Engine/Content/MobileResources/HUD/VirtualJoystick_Background.uasset" 111
"../../../Engine/Content/MobileResources/HUD/VirtualJoystick_Thumb.uasset" 112
"../../../Engine/Content/MobileResources/HUD/DefaultVirtualJoysticks.uasset" 113
"../../../Engine/Content/MobileResources/HUD/LeftVirtualJoystickOnly.uasset" 114
"../../../Engine/Content/MobileResources/HUD/MobileHUDButton1_off.uasset" 115
"../../../Engine/Content/MobileResources/HUD/MobileHUDButton1_on.uasset" 116
"../../../Engine/Content/MobileResources/HUD/MobileHUDButton2_off.uasset" 117
"../../../Engine/Content/MobileResources/HUD/MobileHUDButton2_on.uasset" 118
"../../../Engine/Content/MobileResources/HUD/MobileHUDButton3.uasset" 119
"../../../Engine/Content/MobileResources/HUD/MobileHUDButtonFire.uasset" 120
"../../../Engine/Content/MobileResources/HUD/MobileHUDDirectionPad.uasset" 121
"../../../Engine/Content/MobileResources/HUD/MobileHUDDirectionPad2.uasset" 122
"../../../Engine/Content/MobileResources/HUD/MobileHUDDirectionPad3.uasset" 123
"../../../Engine/Content/MobileResources/HUD/MobileHUDDirectionStick.uasset" 124
"../../../Engine/Content/MobileResources/HUD/T_Castle_ThumbstickInner.uasset" 125
"../../../Engine/Content/MobileResources/HUD/T_Castle_ThumbstickOutter.uasset" 126
"../../../Engine/Content/Tutorial/ContentIntroCurve.uasset" 127
"../../../Engine/Content/Tutorial/Basics/TutorialAssets/icon_tab_Levels_40x.uasset" 128
"../../../Engine/Content/Tutorial/BlueprintTutorials/TutorialAssets/BlueprintInterface_64x.uasset" 129
"../../../Engine/Content/Tutorial/BlueprintTutorials/TutorialAssets/BlueprintMacroLibrary_64x.uasset" 130
"../../../Engine/Content/Tutorial/BlueprintTutorials/TutorialAssets/Blueprint_64x.uasset" 131
"../../../Engine/Content/Tutorial/BlueprintTutorials/TutorialAssets/Tutorial_BP_Interface.uasset" 132
"../../../Engine/Content/Tutorial/Foliage/TutorialAssets/Foliage.uasset" 133
"../../../Engine/Content/Tutorial/Landscape/TutorialAssets/Landscape.uasset" 134
"../../../Engine/Content/Tutorial/Paper2D/TutorialAssets/Paper2DFlipbook_TutorialIcon.uasset" 135
"../../../Engine/Content/Tutorial/Paper2D/TutorialAssets/Paper2DSprite_TutorialIcon.uasset" 136
"../../../Engine/Content/Tutorial/SubEditors/TutorialAssets/icon_Editor_Preferences_General_40x.uasset" 137
"../../../Engine/Content/Tutorial/SubEditors/TutorialAssets/icon_ShowSkeletalMeshes_40x.uasset" 138
"../../../Engine/Content/Tutorial/SubEditors/TutorialAssets/TutorialMaterial.uasset" 139
"../../../Engine/Content/Tutorial/SubEditors/TutorialAssets/T_SmokeSubUV_8X8.uasset" 140
"../../../Engine/Content/Tutorial/SubEditors/TutorialAssets/T_soft_smoke.uasset" 141
"../../../Engine/Content/Tutorial/SubEditors/TutorialAssets/M_smoke_subUV_blackbody.uasset" 142
"../../../Engine/Content/Tutorial/SubEditors/TutorialAssets/TutorialParticleSystem.uasset" 143
"../../../Engine/Content/EngineMaterials/WorldGridMaterial.uasset" 144
"../../../Engine/Content/EditorMeshes/EditorCube.uasset" 145
"../../../Engine/Content/Tutorial/SubEditors/TutorialAssets/Tutorial_DM.uasset" 146
"../../../Engine/Content/VREditor/Devices/Generic/GenericHMDMaterial.uasset" 147
"../../../Engine/Content/VREditor/Devices/Generic/GenericHMD.uasset" 148
"../../../Engine/Content/VREditor/FloatingText/LineMaterial.uasset" 149
"../../../Engine/Content/VREditor/FloatingText/JointSphere.uasset" 150
"../../../Engine/Content/VREditor/FloatingText/LineSegmentCylinder.uasset" 151
"../../../Engine/Content/VREditor/Fonts/VRText_RobotoLarge.uasset" 152
"../../../Engine/Content/VREditor/Fonts/VRTextMaterial.uasset" 153
"../../../Engine/Content/VREditor/Fonts/TranslucentVRTextMaterial.uasset" 154
"../../../Engine/Content/VREditor/LaserPointer/VR_LaserPower_01.uasset" 155
"../../../Engine/Content/VREditor/LaserPointer/LaserPointerMaterial.uasset" 156
"../../../Engine/Content/VREditor/LaserPointer/LaserPointerMaterialInst.uasset" 157
"../../../Engine/Content/VREditor/LaserPointer/TranslucentLaserPointerMaterialInst.uasset" 158
"../../../Engine/Content/VREditor/LaserPointer/LaserPointerMesh.uasset" 159
"../../../Engine/Content/VREditor/Sounds/VR_grab_Cue.uasset" 160
"../../../Engine/Content/VREditor/Sounds/VR_teleport_Cue.uasset" 161
"../../../Engine/Content/VREditor/TransformGizmo/TransformGizmoMaterial.uasset" 162
"../../../Engine/Content/VREditor/TransformGizmo/TranslucentTransformGizmoMaterial.uasset" 163
"../../../Engine/Content/VREditor/TransformGizmo/BoundingBoxCorner.uasset" 164
"../../../Engine/Content/VREditor/TransformGizmo/BoundingBoxEdge.uasset" 165
"../../../Engine/Content/VREditor/TransformGizmo/PlaneTranslationHandle.uasset" 166
"../../../Engine/Content/VREditor/TransformGizmo/RotationHandle.uasset" 167
"../../../Engine/Content/VREditor/TransformGizmo/RotationHandleFull.uasset" 168
"../../../Engine/Content/VREditor/TransformGizmo/StretchingHandle.uasset" 169
"../../../Engine/Content/VREditor/TransformGizmo/TranslateHandleLong.uasset" 170
"../../../Engine/Content/VREditor/TransformGizmo/TranslationHandle.uasset" 171
"../../../Engine/Content/VREditor/TransformGizmo/UniformScaleHandle.uasset" 172
"../../../Engine/Content/VREditor/UI/CloseButtonMesh.uasset" 173
"../../../Engine/Content/VREditor/UI/SelectionBarMesh.uasset" 174
"../../../Engine/Content/Functions/Engine_MaterialFunctions01/Gradient/RadialGradient.uasset" 175
"../../../Engine/Content/VREditor/WorldMovementGrid/SimpleGrid.uasset" 176
"../../../Engine/Content/VREditor/WorldMovementGrid/GridMaterial.uasset" 177
"../../../Engine/Content/Functions/Engine_MaterialFunctions01/Density/ExponentialDensity.uasset" 178
"../../../Engine/Content/VREditor/WorldMovementGrid/GridPostProcess.uasset" 179
"../../../Engine/Content/EditorLandscapeResources/FlattenHeightMat.uasset" 180
"../../../Engine/Content/VREditor/WorldMovementGrid/PlaneMesh.uasset" 181
"../../../Engine/Content/EditorBlueprintResources/StandardMacros.uasset" 182
"../../../Reflect/Content/Base/Blueprints/BP_LoopLibrary_01.uasset" 183
"../../../Reflect/Content/Base/Blueprints/IActivatable.uasset" 184
"../../../Reflect/Content/Base/Blueprints/BP_DarkenerGroup_01.uasset" 185
"../../../Reflect/Content/Base/Materials/M_Text_01.uasset" 186
"../../../Engine/Content/Functions/Engine_MaterialFunctions01/Gradient/RadialGradientExponential.uasset" 187
"../../../Reflect/Content/Base/Materials/M_LaserSparks_01.uasset" 188
"../../../Reflect/Content/Base/Particles/PS_LaserSpark_01.uasset" 189
"../../../Reflect/Content/Characters/AnimStarterPack/UE4_Mannequin/Mesh/UE4_Mannequin_Skeleton.uasset" 190
"../../../Reflect/Content/Characters/AnimStarterPack/Aim_Space_Hip.uasset" 191
"../../../Reflect/Content/Characters/AnimStarterPack/Aim_Space_Ironsights.uasset" 192
"../../../Reflect/Content/Characters/AnimStarterPack/Crouch_to_Stand_Rifle_Hip.uasset" 193
"../../../Reflect/Content/Characters/AnimStarterPack/Crouch_to_Stand_Rifle_Ironsights.uasset" 194
"../../../Reflect/Content/Characters/AnimStarterPack/Crouch_Walk_Bwd_Rifle_Ironsights.uasset" 195
"../../../Reflect/Content/Characters/AnimStarterPack/Crouch_Walk_Lt_Rifle_Ironsights.uasset" 196
"../../../Reflect/Content/Characters/AnimStarterPack/Crouch_Walk_Rt_Rifle_Ironsights.uasset" 197
"../../../Reflect/Content/Characters/AnimStarterPack/Death_1.uasset" 198
"../../../Reflect/Content/Characters/AnimStarterPack/Death_2.uasset" 199
"../../../Reflect/Content/Characters/AnimStarterPack/Death_3.uasset" 200
"../../../Reflect/Content/Characters/AnimStarterPack/Death_Ironsights_2.uasset" 201
"../../../Reflect/Content/Characters/AnimStarterPack/Equip_Rifle_Standing.uasset" 202
"../../../Reflect/Content/Characters/AnimStarterPack/Fire_Rifle_Hip.uasset" 203
"../../../Reflect/Content/Characters/AnimStarterPack/Fire_Shotgun_Hip.uasset" 204
"../../../Reflect/Content/Characters/AnimStarterPack/Fire_Shotgun_Ironsights.uasset" 205
"../../../Reflect/Content/Characters/AnimStarterPack/Hit_React_4.uasset" 206
"../../../Reflect/Content/Characters/AnimStarterPack/Idle_Pistol.uasset" 207
"../../../Reflect/Content/Characters/AnimStarterPack/Idle_Rifle_Ironsights.uasset" 208
"../../../Reflect/Content/Characters/AnimStarterPack/Jump_From_Stand_Ironsights.uasset" 209
"../../../Reflect/Content/Characters/AnimStarterPack/Prone_Death_1.uasset" 210
"../../../Reflect/Content/Characters/AnimStarterPack/Prone_Death_2.uasset" 211
"../../../Reflect/Content/Characters/AnimStarterPack/Prone_Fire_1.uasset" 212
"../../../Reflect/Content/Characters/AnimStarterPack/Prone_Fire_2.uasset" 213
"../../../Reflect/Content/Characters/AnimStarterPack/Prone_Idle.uasset" 214
"../../../Reflect/Content/Characters/AnimStarterPack/Prone_Reload_Rifle.uasset" 215
"../../../Reflect/Content/Characters/AnimStarterPack/Prone_Reload_Shotgun.uasset" 216
"../../../Reflect/Content/Characters/AnimStarterPack/Prone_To_Stand.uasset" 217
"../../../Reflect/Content/Characters/AnimStarterPack/Reload_Pistol.uasset" 218
"../../../Reflect/Content/Characters/AnimStarterPack/Reload_Rifle_Ironsights.uasset" 219
"../../../Reflect/Content/Characters/AnimStarterPack/Reload_Shotgun_Hip.uasset" 220
"../../../Reflect/Content/Characters/AnimStarterPack/Reload_Shotgun_Ironsights.uasset" 221
"../../../Reflect/Content/Characters/AnimStarterPack/Sprint_Fwd_Rifle.uasset" 222
"../../../Reflect/Content/Characters/AnimStarterPack/Stand_to_Crouch_Rifle_Hip.uasset" 223
"../../../Reflect/Content/Characters/AnimStarterPack/Stand_to_Crouch_Rifle_Ironsights.uasset" 224
"../../../Reflect/Content/Characters/AnimStarterPack/Stand_To_Prone.uasset" 225
"../../../Reflect/Content/Characters/AnimStarterPack/Walk_Bwd_Rifle_Ironsights.uasset" 226
"../../../Reflect/Content/Characters/AnimStarterPack/Walk_Lt_Rifle_Ironsights.uasset" 227
"../../../Reflect/Content/Characters/AnimStarterPack/Walk_Rt_Rifle_Ironsights.uasset" 228
"../../../Reflect/Content/DeferedDecals/Assets/button-trans-_single.uasset" 229
"../../../Reflect/Content/DeferedDecals/Assets/button-trans-_single_Mat.uasset" 230
"../../../Reflect/Content/DeferedDecals/Assets/LEVEL_DECAL05.uasset" 231
"../../../Reflect/Content/Environment/Buildings/Textures/T_Grunge_02_M.uasset" 232
"../../../Reflect/Content/Environment/Buildings/Textures/T_WornPaint_01_M.uasset" 233
"../../../Reflect/Content/DeferedDecals/Materials/M_Decal_Level_05.uasset" 234
"../../../Reflect/Content/DeferedDecals/Assets/LEVEL_DECAL06.uasset" 235
"../../../Reflect/Content/DeferedDecals/Materials/M_Decal_Level_06.uasset" 236
"../../../Reflect/Content/DeferedDecals/Assets/LEVEL_DECAL07.uasset" 237
"../../../Reflect/Content/DeferedDecals/Materials/M_Decal_Level_07.uasset" 238
"../../../Reflect/Content/DeferedDecals/Assets/LEVEL_DECAL08.uasset" 239
"../../../Reflect/Content/DeferedDecals/Materials/M_Decal_Level_08.uasset" 240
"../../../Reflect/Content/DeferedDecals/Assets/LEVEL_DECAL09.uasset" 241
"../../../Reflect/Content/DeferedDecals/Materials/M_Decal_Level_09.uasset" 242
"../../../Reflect/Content/DeferedDecals/Assets/LEVEL_DECAL10.uasset" 243
"../../../Reflect/Content/DeferedDecals/Materials/M_Decal_Level_10.uasset" 244
"../../../Reflect/Content/DeferedDecals/Assets/LEVEL_DECAL11.uasset" 245
"../../../Reflect/Content/DeferedDecals/Materials/M_Decal_Level_11.uasset" 246
"../../../Reflect/Content/DeferedDecals/Assets/LEVEL_DECAL12.uasset" 247
"../../../Reflect/Content/DeferedDecals/Materials/M_Decal_Level_12.uasset" 248
"../../../Reflect/Content/DeferedDecals/Assets/turncamera.uasset" 249
"../../../Reflect/Content/DeferedDecals/Materials/M_qe.uasset" 250
"../../../Reflect/Content/DeferedDecals/Assets/leftclickshoot.uasset" 251
"../../../Reflect/Content/DeferedDecals/Materials/M_shoot.uasset" 252
"../../../Reflect/Content/DeferedDecals/Assets/wasd_decal.uasset" 253
"../../../Reflect/Content/DeferedDecals/Materials/M_wasd.uasset" 254
"../../../Reflect/Content/Environment/Buildings/Materials/M_BlockingWall_01.uasset" 255
"../../../Engine/Content/Functions/Engine_MaterialFunctions01/Gradient/LinearGradient.uasset" 256
"../../../Engine/Content/Functions/Engine_MaterialFunctions01/ImageAdjustment/CheapContrast.uasset" 257
"../../../Engine/Content/Functions/Engine_MaterialFunctions01/Texturing/FlattenNormal.uasset" 258
"../../../Engine/Content/Functions/Engine_MaterialFunctions01/Texturing/WorldAlignedTexture.uasset" 259
"../../../Engine/Content/Functions/MaterialLayerFunctions/MatLayerBlend_Simple.uasset" 260
"../../../Reflect/Content/Environment/Buildings/Textures/T_SmallBumps_01_N.uasset" 261
"../../../Reflect/Content/Environment/Buildings/Materials/MF_DarkMetal_01.uasset" 262
"../../../Reflect/Content/Environment/Buildings/Materials/MF_Dust_01.uasset" 263
"../../../Reflect/Content/Environment/Buildings/Textures/T_Grunge_01_M.uasset" 264
"../../../Reflect/Content/Environment/Buildings/Materials/MF_FloorPaint_01.uasset" 265
"../../../Reflect/Content/Environment/Buildings/Textures/T_Dirt_01_M.uasset" 266
"../../../Reflect/Content/Environment/Buildings/Materials/M_Floor_02.uasset" 267
"../../../Reflect/Content/Environment/Props/Textures/T_VortexFloor_01_AO.uasset" 268
"../../../Reflect/Content/Environment/Props/Textures/T_VortexFloor_01_BC.uasset" 269
"../../../Reflect/Content/Environment/Props/Textures/T_VortexFloor_01_N.uasset" 270
"../../../Reflect/Content/Environment/Props/Materials/M_VortexFloor_01.uasset" 271
"../../../Reflect/Content/Environment/Buildings/Meshes/VortexFloor_lowNew.uasset" 272
"../../../Reflect/Content/Environment/Buildings/Textures/T_TilingNoise02_M.uasset" 273
"../../../Reflect/Content/Base/Blueprints/BP_LaserBouncer_01.uasset" 274
"../../../Reflect/Content/Environment/Props/Textures/T_Bricks.uasset" 275
"../../../Reflect/Content/Environment/Props/Materials/M_WallCornerPiece.uasset" 276
"../../../Reflect/Content/Environment/Props/Meshes/SM_WallCornerPiece.uasset" 277
"../../../Reflect/Content/Environment/Props/Blueprints/BP_WallCornerPiece.uasset" 278
"../../../Reflect/Content/Environment/Props/Materials/M_WallPiece.uasset" 279
"../../../Reflect/Content/Environment/Props/Meshes/SM_WallPiece.uasset" 280
"../../../Reflect/Content/Environment/Props/Blueprints/BP_WallPiece.uasset" 281
"../../../Reflect/Content/Environment/Props/Materials/M_Sparks_01.uasset" 282
"../../../Reflect/Content/Environment/Props/Particles/PS_Turbulent_01.uasset" 283
"../../../Reflect/Content/FMOD/Blueprints/BP_Narrator_Sound.uasset" 284
"../../../Reflect/Content/Maps/Level1_BuiltData.uasset" 285
"../../../Reflect/Content/Maps/test2_BuiltData.uasset" 286
"../../../Engine/Plugins/2D/Paper2D/Content/DummySprite.uasset" 287
"../../../Engine/Plugins/2D/Paper2D/Content/DefaultPaperTerrainMaterial.uasset" 288
"../../../Engine/Plugins/2D/Paper2D/Content/DefaultSpriteMaterial.uasset" 289
"../../../Engine/Plugins/2D/Paper2D/Content/MaskedUnlitSpriteMaterial.uasset" 290
"../../../Engine/Plugins/2D/Paper2D/Content/OpaqueUnlitSpriteMaterial.uasset" 291
"../../../Engine/Plugins/2D/Paper2D/Content/PlaceholderTextures/DummySpriteTexture.uasset" 292
"../../../Reflect/Plugins/FMODStudio/Content/AnimNotify_FMODPlayEvent.uasset" 293
"../../../Reflect/Content/DeferedDecals/Assets/button_decal.uasset" 294
"../../../Reflect/Content/DeferedDecals/Materials/M_Decal_Arrow_Multi.uasset" 295
"../../../Reflect/Content/DeferedDecals/Materials/M_Decal_Arrow_Single.uasset" 296
"../../../Reflect/Content/DeferedDecals/Assets/button_decal_turn.uasset" 297
"../../../Reflect/Content/DeferedDecals/Materials/M_Decal_Arrow_Turn.uasset" 298
"../../../Reflect/Content/DeferedDecals/Blueprints/BP_ArrowType_01.uasset" 299
"../../../Reflect/Content/DeferedDecals/Blueprints/BP_ArrowDecal_01.uasset" 300
"../../../Reflect/Content/Base/Blueprints/BP_FirstPersonStatic_01.uasset" 301
"../../../Reflect/Content/Base/Blueprints/BP_IntroGameMode_01.uasset" 302
"../../../Reflect/Content/Base/Blueprints/BP_LaserTrigger_01.uasset" 303
"../../../Reflect/Content/DeferedDecals/Blueprints/BP_ArrowDecalGroup_01.uasset" 304
"../../../Engine/Content/Functions/Engine_MaterialFunctions02/WorldPositionOffset/LocalPosition.uasset" 305
"../../../Reflect/Content/Environment/Buildings/Textures/T_Door_01_AO.uasset" 306
"../../../Reflect/Content/Environment/Buildings/Textures/T_Door_01_BC.uasset" 307
"../../../Reflect/Content/Environment/Buildings/Textures/T_Door_01_E.uasset" 308
"../../../Reflect/Content/Environment/Buildings/Textures/T_Door_01_N.uasset" 309
"../../../Reflect/Content/Environment/Buildings/Materials/M_Door_01.uasset" 310
"../../../Reflect/Content/Environment/Buildings/Meshes/SM_DoorExtra_01.uasset" 311
"../../../Reflect/Content/Environment/Buildings/Textures/T_DoorFrame_01_AO.uasset" 312
"../../../Reflect/Content/Environment/Buildings/Textures/T_DoorFrame_01_BC.uasset" 313
"../../../Reflect/Content/Environment/Buildings/Textures/T_DoorFrame_01_N.uasset" 314
"../../../Reflect/Content/Environment/Buildings/Materials/M_DoorFrame_01.uasset" 315
"../../../Reflect/Content/Environment/Buildings/Meshes/SM_DoorFrame_01.uasset" 316
"../../../Reflect/Content/Environment/Buildings/Meshes/SM_DoorLeft_01.uasset" 317
"../../../Reflect/Content/Environment/Buildings/Meshes/SM_DoorRight_01.uasset" 318
"../../../Reflect/Content/Environment/Buildings/Meshes/SM_DoorUnlock_01.uasset" 319
"../../../Reflect/Content/Environment/Buildings/Blueprints/BP_Door_01.uasset" 320
"../../../Reflect/Content/Base/Blueprints/ILevel.uasset" 321
"../../../Reflect/Content/Characters/AnimStarterPack/Crouch_Idle_Rifle_Hip.uasset" 322
"../../../Reflect/Content/Characters/AnimStarterPack/Death_Ironsights_1.uasset" 323
"../../../Reflect/Content/Characters/AnimStarterPack/Idle_Rifle_Hip.uasset" 324
"../../../Reflect/Content/Characters/AnimStarterPack/Jump_From_Jog.uasset" 325
"../../../Reflect/Content/Characters/AnimStarterPack/Jump_From_Stand.uasset" 326
"../../../Reflect/Content/Characters/AnimStarterPack/Crouch_Walk_Bwd_Rifle_Hip.uasset" 327
"../../../Reflect/Content/Characters/AnimStarterPack/Crouch_Walk_Fwd_Rifle_Hip.uasset" 328
"../../../Reflect/Content/Characters/AnimStarterPack/Crouch_Walk_Lt_Rifle_Hip.uasset" 329
"../../../Reflect/Content/Characters/AnimStarterPack/Crouch_Walk_Rt_Rifle_Hip.uasset" 330
"../../../Reflect/Content/Characters/AnimStarterPack/BS_CrouchWalk.uasset" 331
"../../../Reflect/Content/Characters/AnimStarterPack/Jog_Bwd_Rifle.uasset" 332
"../../../Reflect/Content/Characters/AnimStarterPack/Jog_Fwd_Rifle.uasset" 333
"../../../Reflect/Content/Characters/AnimStarterPack/Jog_Lt_Rifle.uasset" 334
"../../../Reflect/Content/Characters/AnimStarterPack/Jog_Rt_Rifle.uasset" 335
"../../../Reflect/Content/Characters/AnimStarterPack/BS_Jog.uasset" 336
"../../../Engine/Content/Functions/Engine_MaterialFunctions02/Utility/BlendAngleCorrectedNormals.uasset" 337
"../../../Engine/Content/Functions/MaterialLayerFunctions/MatLayerBlend_AO.uasset" 338
"../../../Engine/Content/Functions/MaterialLayerFunctions/MatLayerBlend_NormalBlend.uasset" 339
"../../../Reflect/Content/Characters/AnimStarterPack/UE4_Mannequin/Materials/MaterialLayers/T_ML_Rubber_Blue_01_D.uasset" 340
"../../../Reflect/Content/Characters/AnimStarterPack/UE4_Mannequin/Materials/MaterialLayers/T_ML_Rubber_Blue_01_N.uasset" 341
"../../../Reflect/Content/Characters/AnimStarterPack/UE4_Mannequin/Materials/MaterialLayers/ML_GlossyBlack_Latex_UE4.uasset" 342
"../../../Reflect/Content/Characters/AnimStarterPack/UE4_Mannequin/Materials/MaterialLayers/ML_Plastic_Shiny_Beige.uasset" 343
"../../../Reflect/Content/Characters/AnimStarterPack/UE4_Mannequin/Textures/UE4_LOGO_CARD.uasset" 344
"../../../Reflect/Content/Characters/AnimStarterPack/UE4_Mannequin/Materials/MaterialLayers/ML_Plastic_Shiny_Beige_LOGO.uasset" 345
"../../../Reflect/Content/Characters/AnimStarterPack/UE4_Mannequin/Materials/MaterialLayers/T_ML_Aluminum01.uasset" 346
"../../../Reflect/Content/Characters/AnimStarterPack/UE4_Mannequin/Materials/MaterialLayers/T_ML_Aluminum01_N.uasset" 347
"../../../Reflect/Content/Characters/AnimStarterPack/UE4_Mannequin/Materials/MaterialLayers/ML_SoftMetal_UE4.uasset" 348
"../../../Reflect/Content/Characters/AnimStarterPack/UE4_Mannequin/Textures/UE4_Mannequin__normals.uasset" 349
"../../../Reflect/Content/Characters/AnimStarterPack/UE4_Mannequin/Textures/UE4_Mannequin_MAT_MASKA.uasset" 350
"../../../Reflect/Content/Characters/AnimStarterPack/UE4_Mannequin/Textures/UE4_Mannequin_occlusion_Mobile.uasset" 351
"../../../Reflect/Content/Characters/AnimStarterPack/UE4_Mannequin/Materials/M_UE4Man_Body.uasset" 352
"../../../Reflect/Content/Characters/AnimStarterPack/UE4_Mannequin/Textures/UE4Man_Logo_N.uasset" 353
"../../../Reflect/Content/Characters/AnimStarterPack/UE4_Mannequin/Materials/M_UE4Man_ChestLogo.uasset" 354
"../../../Reflect/Content/Characters/AnimStarterPack/UE4_Mannequin/Mesh/SK_Mannequin_PhysicsAsset.uasset" 355
"../../../Reflect/Content/Characters/AnimStarterPack/UE4_Mannequin/Mesh/SK_Mannequin.uasset" 356
"../../../Reflect/Content/Characters/AnimStarterPack/Ue4ASP_Character.uasset" 357
"../../../Reflect/Content/Characters/AnimStarterPack/UE4ASP_HeroTPP_AnimBlueprint.uasset" 358
"../../../Reflect/Content/Base/Materials/M_Laser_01.uasset" 359
"../../../Reflect/Content/Base/Particles/PS_Laser_01.uasset" 360
"../../../Reflect/Content/Base/Particles/PS_LaserExplosion_01.uasset" 361
"../../../Reflect/Content/FMOD/WavFiles/SOUND_laser_alive_buzz_Cue.uasset" 362
"../../../Reflect/Content/Base/Blueprints/BP_Laser_01.uasset" 363
"../../../Engine/Content/Functions/Engine_MaterialFunctions01/Shading/MetallicShading.uasset" 364
"../../../Reflect/Content/Characters/FPWeapon/Materials/MF_BaseColorTintAndContrast.uasset" 365
"../../../Reflect/Content/Characters/FPWeapon/Materials/MF_RoughnessAdjustment.uasset" 366
"../../../Reflect/Content/Characters/FPWeapon/Materials/MaterialLayers/T_ML_FineRubber.uasset" 367
"../../../Reflect/Content/Characters/FPWeapon/Materials/MaterialLayers/T_ML_Rubber_Blue_01_D.uasset" 368
"../../../Reflect/Content/Characters/FPWeapon/Materials/MaterialLayers/T_ML_Rubber_Blue_01_N.uasset" 369
"../../../Reflect/Content/Characters/FPWeapon/Textures/UE4_Mannequin_occlusion_Mobile.uasset" 370
"../../../Reflect/Content/Characters/FPWeapon/Materials/MaterialLayers/ML_GlossyBlack_Latex_UE4.uasset" 371
"../../../Reflect/Content/Characters/FPWeapon/Materials/MaterialLayers/ML_Plastic_Shiny_Beige.uasset" 372
"../../../Reflect/Content/Characters/FPWeapon/Textures/UE4_LOGO_CARD.uasset" 373
"../../../Reflect/Content/Characters/FPWeapon/Materials/MaterialLayers/ML_Plastic_Shiny_Beige_LOGO.uasset" 374
"../../../Reflect/Content/Characters/FPWeapon/Materials/MaterialLayers/T_ML_Aluminum01.uasset" 375
"../../../Reflect/Content/Characters/FPWeapon/Materials/MaterialLayers/T_ML_Aluminum01_N.uasset" 376
"../../../Reflect/Content/Characters/FPWeapon/Materials/MaterialLayers/ML_SoftMetal_UE4.uasset" 377
"../../../Reflect/Content/Characters/FPWeapon/Textures/T_FPGun_AO.uasset" 378
"../../../Reflect/Content/Characters/FPWeapon/Textures/T_FPGun_M.uasset" 379
"../../../Reflect/Content/Characters/FPWeapon/Textures/T_FPGun_N.uasset" 380
"../../../Reflect/Content/Characters/FPWeapon/Materials/M_FPGun.uasset" 381
"../../../Reflect/Content/Characters/FPWeapon/Materials/MI_FPGun.uasset" 382
"../../../Reflect/Content/Characters/FPWeapon/Mesh/SK_FPGun_PhysicsAsset.uasset" 383
"../../../Reflect/Content/Characters/FPWeapon/Mesh/SK_FPGun_Skeleton.uasset" 384
"../../../Reflect/Content/Characters/FPWeapon/Mesh/SK_FPGun.uasset" 385
"../../../Reflect/Content/Characters/Player/Blueprints/BP_Gun_01.uasset" 386
"../../../Reflect/Content/Characters/Player/Blueprints/BP_Player_01.uasset" 387
"../../../Reflect/Content/Environment/Buildings/Textures/T_Elevator_01_AO.uasset" 388
"../../../Reflect/Content/Environment/Buildings/Textures/T_Elevator_01_BC.uasset" 389
"../../../Reflect/Content/Environment/Buildings/Textures/T_Elevator_01_N.uasset" 390
"../../../Reflect/Content/Environment/Buildings/Materials/M_Elevator_01.uasset" 391
"../../../Reflect/Content/Environment/Buildings/Meshes/SM_ElevatorBase_01.uasset" 392
"../../../Reflect/Content/Environment/Buildings/Meshes/SM_ElevatorBottom_01.uasset" 393
"../../../Reflect/Content/Environment/Buildings/Meshes/SM_ElevatorFloor_01.uasset" 394
"../../../Reflect/Content/Environment/Props/Materials/M_Glass_01.uasset" 395
"../../../Reflect/Content/Environment/Buildings/Meshes/SM_ElevatorGlass_01.uasset" 396
"../../../Reflect/Content/Environment/Buildings/Meshes/SM_ElevatorTop_01.uasset" 397
"../../../Reflect/Content/Environment/Buildings/Blueprints/BP_Elevator_01.uasset" 398
"../../../Reflect/Content/Environment/Buildings/Textures/T_HeightDirt_01_M.uasset" 399
"../../../Reflect/Content/Environment/Buildings/Textures/T_Wall_01_AO.uasset" 400
"../../../Reflect/Content/Environment/Buildings/Textures/T_Wall_01_BC.uasset" 401
"../../../Reflect/Content/Environment/Buildings/Textures/T_Wall_01_N.uasset" 402
"../../../Reflect/Content/Environment/Buildings/Materials/M_Wall_01.uasset" 403
"../../../Reflect/Content/Environment/Buildings/Meshes/SM_Wall_01.uasset" 404
"../../../Reflect/Content/Environment/Buildings/Blueprints/BP_Wall_01.uasset" 405
"../../../Reflect/Content/Environment/Props/Textures/T_Receiver_01_AO.uasset" 406
"../../../Reflect/Content/Environment/Props/Textures/T_Receiver_01_BC.uasset" 407
"../../../Reflect/Content/Environment/Props/Textures/T_Receiver_01_E.uasset" 408
"../../../Reflect/Content/Environment/Props/Textures/T_Receiver_01_N.uasset" 409
"../../../Reflect/Content/Environment/Props/Materials/M_Receiver_01.uasset" 410
"../../../Reflect/Content/Environment/Props/Meshes/SM_Receiver_01.uasset" 411
"../../../Reflect/Content/Environment/Props/Particles/PS_Receiver_01.uasset" 412
"../../../Reflect/Content/Environment/Props/Blueprints/BP_Receiver_01.uasset" 413
"../../../Reflect/Content/narrator_intro.uasset" 414
"../../../Reflect/Content/Cinematics/Floor0Intro_Master.uasset" 415
"../../../Reflect/Content/Maps/Floor0Intro_BuiltData.uasset" 416
"../../../Reflect/Content/DeferedDecals/Assets/level01.uasset" 417
"../../../Reflect/Content/DeferedDecals/Materials/M_Decal_Level_01.uasset" 418
"../../../Reflect/Content/DeferedDecals/Assets/reflectlabslogo.uasset" 419
"../../../Reflect/Content/DeferedDecals/Materials/M_Decal_Logo.uasset" 420
"../../../Reflect/Content/DeferedDecals/Assets/floor_decal.uasset" 421
"../../../Reflect/Content/DeferedDecals/Materials/M_Decal_SafetyZone.uasset" 422
"../../../Engine/Content/BasicShapes/Plane.uasset" 423
"../../../Reflect/Content/Environment/Buildings/Textures/T_Floor_01_AO.uasset" 424
"../../../Reflect/Content/Environment/Buildings/Textures/T_Floor_01_BC.uasset" 425
"../../../Reflect/Content/Environment/Buildings/Textures/T_Floor_01_N.uasset" 426
"../../../Reflect/Content/Environment/Buildings/Materials/M_Floor_01.uasset" 427
"../../../Reflect/Content/Environment/Buildings/Meshes/SM_Floor_01.uasset" 428
"../../../Reflect/Content/Maps/Floor0Intro.umap" 429
"../../../Engine/Content/EngineSky/C_Sky_Cloud_Color.uasset" 430
"../../../Engine/Content/EngineSky/C_Sky_Horizon_Color.uasset" 431
"../../../Engine/Content/EngineSky/C_Sky_Zenith_Color.uasset" 432
"../../../Engine/Content/EngineSky/T_Sky_Blue.uasset" 433
"../../../Engine/Content/EngineSky/T_Sky_Clouds_M.uasset" 434
"../../../Engine/Content/EngineSky/T_Sky_Stars.uasset" 435
"../../../Engine/Content/EngineSky/M_Sky_Panning_Clouds2.uasset" 436
"../../../Engine/Content/EngineSky/SM_SkySphere.uasset" 437
"../../../Engine/Content/EngineSky/BP_Sky_Sphere.uasset" 438
"../../../Engine/Content/MapTemplates/SM_Template_Map_Floor.uasset" 439
"../../../Engine/Content/Maps/Templates/Template_Default.umap" 440
"../../../Reflect/Content/Characters/AnimStarterPack/Crouch_Idle_Rifle_Ironsights.uasset" 441
"../../../Reflect/Content/Characters/AnimStarterPack/Crouch_Walk_Fwd_Rifle_Ironsights.uasset" 442
"../../../Reflect/Content/Characters/AnimStarterPack/Equip_Pistol_Standing.uasset" 443
"../../../Reflect/Content/Characters/AnimStarterPack/Fire_Rifle_Ironsights.uasset" 444
"../../../Reflect/Content/Characters/AnimStarterPack/Hit_React_1.uasset" 445
"../../../Reflect/Content/Characters/AnimStarterPack/Hit_React_2.uasset" 446
"../../../Reflect/Content/Characters/AnimStarterPack/Hit_React_3.uasset" 447
"../../../Reflect/Content/Characters/AnimStarterPack/Idle_Rifle_Hip_Break1.uasset" 448
"../../../Reflect/Content/Characters/AnimStarterPack/Idle_Rifle_Hip_Break2.uasset" 449
"../../../Reflect/Content/Characters/AnimStarterPack/Reload_Rifle_Hip.uasset" 450
"../../../Reflect/Content/Characters/AnimStarterPack/Walk_Fwd_Rifle_Ironsights.uasset" 451
"../../../Engine/Content/TemplateResources/M_Template_Master.uasset" 452
"../../../Engine/Content/TemplateResources/MI_Template_BaseGray_03_Metal.uasset" 453
"../../../Reflect/Content/Maps/CharacterAnimationShowcase.umap" 454
"../../../Reflect/Content/Environment/Buildings/Materials/ML_NormalMaskedVectors.uasset" 455
"../../../Reflect/Content/Environment/Buildings/Materials/ML_Raycast.uasset" 456
"../../../Reflect/Content/Environment/Buildings/Textures/T_TilingNoise03_M.uasset" 457
"../../../Reflect/Content/Environment/Buildings/Materials/M_FogSheet_Master.uasset" 458
"../../../Reflect/Content/Environment/Buildings/Materials/M_FogSheet_Master_INST.uasset" 459
"../../../Reflect/Content/Environment/Buildings/Meshes/SM_FogSheet_Plane.uasset" 460
"../../../Reflect/Content/Environment/Buildings/Blueprints/BP_FogSheet.uasset" 461
"../../../Reflect/Content/Base/Blueprints/BP_Checkpoint_01.uasset" 462
"../../../Reflect/Content/Base/Materials/M_Dark_01.uasset" 463
"../../../Engine/Content/BasicShapes/Cube.uasset" 464
"../../../Reflect/Content/Base/Blueprints/BP_Darkener_01.uasset" 465
"../../../Reflect/Content/DeferedDecals/Assets/reticle.uasset" 466
"../../../Reflect/Content/DeferedDecals/Materials/M_Reticle_01.uasset" 467
"../../../Reflect/Content/Base/Blueprints/BP_Cursor_01.uasset" 468
"../../../Reflect/Content/Base/Blueprints/BP_GameMode_01.uasset" 469
"../../../Reflect/Content/Environment/Buildings/Meshes/SM_WallPiece_01.uasset" 470
"../../../Reflect/Content/Environment/Buildings/Blueprints/BP_WallPiece_01.uasset" 471
"../../../Reflect/Content/Environment/Props/Textures/T_Bouncer_01_AO.uasset" 472
"../../../Reflect/Content/Environment/Props/Textures/T_Bouncer_01_BC.uasset" 473
"../../../Reflect/Content/Environment/Props/Textures/T_Bouncer_01_N.uasset" 474
"../../../Reflect/Content/Environment/Props/Materials/M_Bouncer_01.uasset" 475
"../../../Reflect/Content/Environment/Props/Meshes/SM_Bouncer_01.uasset" 476
"../../../Reflect/Content/Environment/Props/Blueprints/BP_Bouncer_01.uasset" 477
"../../../Reflect/Content/Environment/Props/Blueprints/BP_Glass_01.uasset" 478
"../../../Reflect/Content/FMOD/Blueprints/BP_Level1_Music.uasset" 479
"../../../Reflect/Content/Base/Sequences/FadeIn.uasset" 480
"../../../Reflect/Content/Base/Sequences/FadeOut.uasset" 481
"../../../Reflect/Content/Maps/Floor0_BuiltData.uasset" 482
"../../../Reflect/Content/DeferedDecals/Assets/elevators-sad.uasset" 483
"../../../Reflect/Content/DeferedDecals/Materials/M_Decal_ElevatorSign.uasset" 484
"../../../Reflect/Content/DeferedDecals/Assets/level02.uasset" 485
"../../../Reflect/Content/DeferedDecals/Materials/M_Decal_Level_02.uasset" 486
"../../../Reflect/Content/Environment/Buildings/Meshes/SM_FloorPiece_01.uasset" 487
"../../../Reflect/Content/Maps/Floor0.umap" 488
"../../../Engine/Content/Maps/Entry.umap" 489
"../../../Reflect/Content/Environment/Props/Meshes/SM_BouncerBase_01.uasset" 490
"../../../Reflect/Content/Environment/Props/Meshes/SM_BouncerWall_01.uasset" 491
"../../../Reflect/Content/Environment/Props/Blueprints/BP_Remover_01.uasset" 492
"../../../Reflect/Content/Maps/Floor1_BuiltData.uasset" 493
"../../../Reflect/Content/DeferedDecals/Materials/M_Decal_Arrow_Multi2.uasset" 494
"../../../Reflect/Content/DeferedDecals/Materials/M_Decal_Arrow_Single2.uasset" 495
"../../../Reflect/Content/DeferedDecals/Materials/M_Decal_Arrow_Turn2.uasset" 496
"../../../Reflect/Content/DeferedDecals/Materials/M_Decal_SafetyZone2.uasset" 497
"../../../Reflect/Content/Maps/Floor1.umap" 498
"../../../Reflect/Content/Environment/Props/Textures/T_FloorRotator_01_AO.uasset" 499
"../../../Reflect/Content/Environment/Props/Textures/T_FloorRotator_01_BC.uasset" 500
"../../../Reflect/Content/Environment/Props/Textures/T_FloorRotator_01_N.uasset" 501
"../../../Reflect/Content/Environment/Props/Materials/M_FloorRotator_01.uasset" 502
"../../../Reflect/Content/Environment/Props/Meshes/SM_FloorRotatorCenter_01.uasset" 503
"../../../Reflect/Content/Environment/Props/Meshes/SM_FloorRotatorOuter_01.uasset" 504
"../../../Reflect/Content/Environment/Props/Textures/T_Sentry_01_AO.uasset" 505
"../../../Reflect/Content/Environment/Props/Textures/T_Sentry_01_BC.uasset" 506
"../../../Reflect/Content/Environment/Props/Textures/T_Sentry_01_N.uasset" 507
"../../../Reflect/Content/Environment/Props/Materials/M_Sentry_01.uasset" 508
"../../../Reflect/Content/Environment/Props/Meshes/SM_Sentry_01.uasset" 509
"../../../Reflect/Content/Environment/Props/Blueprints/BP_LaserSpawner_01.uasset" 510
"../../../Reflect/Content/Environment/Buildings/Materials/M_DarkWall_01.uasset" 511
"../../../Reflect/Content/Environment/Buildings/Blueprints/BP_BlockingWall_01.uasset" 512
"../../../Reflect/Content/Environment/Buildings/Blueprints/BP_BlockingWallPiece_01.uasset" 513
"../../../Reflect/Content/Environment/Buildings/Blueprints/BP_SimpleFloor_01.uasset" 514
"../../../Reflect/Content/Environment/Props/Textures/T_Button_01_AO.uasset" 515
"../../../Reflect/Content/Environment/Props/Textures/T_Button_01_BC.uasset" 516
"../../../Reflect/Content/Environment/Props/Textures/T_Button_01_E.uasset" 517
"../../../Reflect/Content/Environment/Props/Textures/T_Button_01_N.uasset" 518
"../../../Reflect/Content/Environment/Props/Materials/M_Button_01.uasset" 519
"../../../Reflect/Content/Environment/Props/Meshes/SM_ButtonBase_01.uasset" 520
"../../../Reflect/Content/Environment/Props/Meshes/SM_ButtonMain_01.uasset" 521
"../../../Reflect/Content/Environment/Props/Blueprints/BP_Button_01.uasset" 522
"../../../Reflect/Content/Environment/Props/Textures/T_SmallReceiver_01_AO.uasset" 523
"../../../Reflect/Content/Environment/Props/Textures/T_SmallReceiver_01_BC.uasset" 524
"../../../Reflect/Content/Environment/Props/Textures/T_SmallReceiver_01_N.uasset" 525
"../../../Reflect/Content/Environment/Props/Materials/M_SmallReceiver_01.uasset" 526
"../../../Reflect/Content/Environment/Props/Meshes/SM_SmallReceiver_01.uasset" 527
"../../../Reflect/Content/Environment/Props/Particles/PS_DeathlyLaser_01.uasset" 528
"../../../Reflect/Content/Environment/Props/Blueprints/BP_DeathLaser_01.uasset" 529
"../../../Reflect/Content/Environment/Props/Blueprints/BP_RotateableBouncer_01.uasset" 530
"../../../Reflect/Content/Environment/Props/Textures/T_ArrowMask_01_M.uasset" 531
"../../../Reflect/Content/Environment/Props/Materials/M_Arrows_01.uasset" 532
"../../../Reflect/Content/Environment/Props/Blueprints/BP_VortexEnum_01.uasset" 533
"../../../Reflect/Content/Environment/Props/Meshes/SM_VortexFloor_01.uasset" 534
"../../../Reflect/Content/Environment/Props/Particles/PS_VortexCenter_01.uasset" 535
"../../../Reflect/Content/Environment/Props/Particles/SVF_VortexLeft_01.uasset" 536
"../../../Reflect/Content/Environment/Props/Particles/PS_VortexLeft_01.uasset" 537
"../../../Reflect/Content/Environment/Props/Particles/SVF_VortexRight_01.uasset" 538
"../../../Reflect/Content/Environment/Props/Particles/PS_VortexRight_01.uasset" 539
"../../../Reflect/Content/Environment/Props/Blueprints/BP_VortexField_01.uasset" 540
"../../../Reflect/Content/Maps/Floor1New_BuiltData.uasset" 541
"../../../Reflect/Content/DeferedDecals/Assets/LEVEL_DECAL03.uasset" 542
"../../../Reflect/Content/DeferedDecals/Materials/M_Decal_Level_03.uasset" 543
"../../../Reflect/Content/DeferedDecals/Assets/LEVEL_DECAL04.uasset" 544
"../../../Reflect/Content/DeferedDecals/Materials/M_Decal_Level_04.uasset" 545
"../../../Reflect/Content/DeferedDecals/Materials/M_ArrowTurn_01.uasset" 546
"../../../Reflect/Content/DeferedDecals/Materials/MI_ArrowTurn_01.uasset" 547
"../../../Reflect/Content/Maps/Floor1New.umap" 548
"../../../Reflect/Content/Maps/test.umap" 549
"../../../Engine/Content/BasicShapes/BasicShapeMaterial.uasset" 550
"../../../Reflect/Content/Environment/Props/Blueprints/BP_Door.uasset" 551
"../../../Reflect/Content/Maps/TestMap_BuiltData.uasset" 552
"../../../Reflect/Content/Maps/TestMap.umap" 553
